<?xml version="1.0" encoding="UTF-8"?>
<!-- Generated by org.testng.reporters.JUnitReportReporter -->
<testsuite skipped="0" hostname="Vridhijain01" name="com.javacodegeeks.testng.maven.Logistics" tests="3" failures="0" timestamp="20 Jun 2019 05:41:18 GMT" time="0.131" errors="0">
  <testcase name="assignOrder" time="0.054" classname="com.javacodegeeks.testng.maven.Logistics"/>
  <testcase name="completeOrder" time="0.045" classname="com.javacodegeeks.testng.maven.Logistics"/>
  <testcase name="fetchOrder" time="0.032" classname="com.javacodegeeks.testng.maven.Logistics"/>
</testsuite> <!-- com.javacodegeeks.testng.maven.Logistics -->
