<?xml version="1.0" encoding="UTF-8"?>
<!-- Generated by org.testng.reporters.JUnitReportReporter -->
<testsuite hostname="Vridhijain01" name="com.javacodegeeks.testng.maven.TestNgMavenExampleTest" tests="1" failures="0" timestamp="20 Jun 2019 05:35:57 GMT" time="0.007" errors="0">
  <testcase name="exampleOfTestNgMaven" time="0.007" classname="com.javacodegeeks.testng.maven.TestNgMavenExampleTest"/>
</testsuite> <!-- com.javacodegeeks.testng.maven.TestNgMavenExampleTest -->
